2023-02-02 12:43:14,095 [Worker-0: Loading available Gradle versions] INFO  o.e.b.c.i.u.g.PublishedGradleVersions - Gradle version information cache is up-to-date. Trying to read.
2023-02-02 12:48:35,690 [Worker-5: Import Getting Started Content] INFO  o.e.m.c.i.l.LifecycleMappingFactory - Using org.eclipse.m2e.jdt.JarLifecycleMapping lifecycle mapping for MavenProject: com.assign:employeeService:0.0.1-SNAPSHOT @ C:\Users\yoges\Desktop\Kunal Java\Assignment\cloudConfigEmployee\EmployeeService\pom.xml.
2023-02-02 12:48:39,414 [Worker-5: Import Getting Started Content] INFO  o.e.m.j.i.AbstractJavaProjectConfigurator - Adding source folder /EmployeeService/src/main/java
2023-02-02 12:48:39,415 [Worker-5: Import Getting Started Content] INFO  o.e.m.j.i.AbstractJavaProjectConfigurator - Adding resource folder /EmployeeService/src/main/resources
2023-02-02 12:48:39,426 [Worker-5: Import Getting Started Content] INFO  o.e.m.j.i.AbstractJavaProjectConfigurator - Adding resource folder /EmployeeService/src/main/resources
2023-02-02 12:48:39,436 [Worker-5: Import Getting Started Content] INFO  o.e.m.j.i.AbstractJavaProjectConfigurator - Adding source folder /EmployeeService/src/test/java
2023-02-02 12:48:41,487 [Worker-12: Download sources and javadoc] INFO  o.e.m.c.i.e.AbstractTransferListenerAdapter - Downloaded https://artifactory-oss.prod.netflix.net/artifactory/maven-oss-candidates/org/springframework/cloud/spring-cloud-starter-config/4.0.1/spring-cloud-starter-config-4.0.1-javadoc.jar
2023-02-02 12:48:41,518 [Worker-12: Download sources and javadoc] ERROR o.e.m.j.internal.DownloadSourcesJob - Could not download javadoc for org.springframework.cloud:spring-cloud-starter-config:4.0.1
org.eclipse.core.runtime.CoreException: Could not resolve artifact org.springframework.cloud:spring-cloud-starter-config:jar:javadoc:4.0.1
	at org.eclipse.m2e.core.internal.embedder.MavenImpl.lambda$6(MavenImpl.java:587)
	at org.eclipse.m2e.core.internal.embedder.MavenExecutionContext.executeBare(MavenExecutionContext.java:364)
	at org.eclipse.m2e.core.internal.embedder.MavenExecutionContext.execute(MavenExecutionContext.java:227)
	at org.eclipse.m2e.core.internal.embedder.MavenExecutionContext.execute(MavenExecutionContext.java:213)
	at org.eclipse.m2e.core.internal.embedder.MavenImpl.resolve(MavenImpl.java:556)
	at org.eclipse.m2e.core.internal.embedder.MavenImpl.resolve(MavenImpl.java:541)
	at org.eclipse.m2e.jdt.internal.DownloadSourcesJob.download(DownloadSourcesJob.java:308)
	at org.eclipse.m2e.jdt.internal.DownloadSourcesJob.downloadAttachments(DownloadSourcesJob.java:294)
	at org.eclipse.m2e.jdt.internal.DownloadSourcesJob.downloadMaven(DownloadSourcesJob.java:252)
	at org.eclipse.m2e.jdt.internal.DownloadSourcesJob.downloadFilesAndPopulateToUpdate(DownloadSourcesJob.java:220)
	at org.eclipse.m2e.jdt.internal.DownloadSourcesJob.lambda$0(DownloadSourcesJob.java:149)
	at org.eclipse.m2e.core.internal.embedder.MavenExecutionContext.executeBare(MavenExecutionContext.java:364)
	at org.eclipse.m2e.core.internal.embedder.MavenExecutionContext.execute(MavenExecutionContext.java:274)
	at org.eclipse.m2e.core.internal.embedder.MavenExecutionContext.execute(MavenExecutionContext.java:213)
	at org.eclipse.m2e.core.embedder.IMaven.execute(IMaven.java:294)
	at org.eclipse.m2e.jdt.internal.DownloadSourcesJob.run(DownloadSourcesJob.java:149)
	at org.eclipse.core.internal.jobs.Worker.run(Worker.java:63)
2023-02-02 12:48:44,424 [Worker-5: Import Getting Started Content] INFO  o.e.m.c.i.p.ProjectConfigurationManager - Imported and configured 1 project(s) in 12 sec
2023-02-02 12:48:44,438 [Worker-5: Import Getting Started Content] INFO  o.e.m.c.i.p.ProjectConfigurationManager - Update started
2023-02-02 12:48:45,189 [Worker-5: Import Getting Started Content] INFO  o.e.m.c.i.l.LifecycleMappingFactory - Using org.eclipse.m2e.jdt.JarLifecycleMapping lifecycle mapping for MavenProject: com.assign:employeeService:0.0.1-SNAPSHOT @ C:\Users\yoges\Desktop\Kunal Java\Assignment\cloudConfigEmployee\EmployeeService\pom.xml.
2023-02-02 12:48:46,971 [Worker-5: Import Getting Started Content] INFO  o.e.m.j.i.AbstractJavaProjectConfigurator - Adding source folder /EmployeeService/src/main/java
2023-02-02 12:48:46,973 [Worker-5: Import Getting Started Content] INFO  o.e.m.j.i.AbstractJavaProjectConfigurator - Adding resource folder /EmployeeService/src/main/resources
2023-02-02 12:48:46,975 [Worker-5: Import Getting Started Content] INFO  o.e.m.j.i.AbstractJavaProjectConfigurator - Adding resource folder /EmployeeService/src/main/resources
2023-02-02 12:48:46,979 [Worker-5: Import Getting Started Content] INFO  o.e.m.j.i.AbstractJavaProjectConfigurator - Adding source folder /EmployeeService/src/test/java
2023-02-02 12:48:48,343 [Worker-5: Import Getting Started Content] INFO  o.e.m.c.i.p.ProjectConfigurationManager - Update completed for 1 poms: local refresh takes 0.00 sec, refresh facades takes 2.00 sec, update config takes 1.00 sec 
2023-02-02 12:48:48,436 [Worker-12: Updating Maven Project] INFO  o.e.m.c.i.p.ProjectConfigurationManager - Update started
2023-02-02 12:48:49,019 [Worker-12: Updating Maven Project] INFO  o.e.m.c.i.l.LifecycleMappingFactory - Using org.eclipse.m2e.jdt.JarLifecycleMapping lifecycle mapping for MavenProject: com.assign:employeeService:0.0.1-SNAPSHOT @ C:\Users\yoges\Desktop\Kunal Java\Assignment\cloudConfigEmployee\EmployeeService\pom.xml.
2023-02-02 12:48:50,699 [Worker-12: Updating Maven Project] INFO  o.e.m.j.i.AbstractJavaProjectConfigurator - Adding source folder /EmployeeService/src/main/java
2023-02-02 12:48:50,701 [Worker-12: Updating Maven Project] INFO  o.e.m.j.i.AbstractJavaProjectConfigurator - Adding resource folder /EmployeeService/src/main/resources
2023-02-02 12:48:50,702 [Worker-12: Updating Maven Project] INFO  o.e.m.j.i.AbstractJavaProjectConfigurator - Adding resource folder /EmployeeService/src/main/resources
2023-02-02 12:48:50,705 [Worker-12: Updating Maven Project] INFO  o.e.m.j.i.AbstractJavaProjectConfigurator - Adding source folder /EmployeeService/src/test/java
2023-02-02 12:48:53,225 [Worker-12: Updating Maven Project] INFO  o.e.m.c.i.p.ProjectConfigurationManager - Update completed for 1 poms: local refresh takes 0.00 sec, refresh facades takes 2.00 sec, update config takes 2.00 sec 
2023-02-02 13:18:39,719 [main] INFO  o.e.m2e.actions.ExecutePomAction - Creating new launch configuration
2023-02-02 13:18:49,339 [Worker-30: Launching EmployeeService] INFO  o.eclipse.m2e.core.internal.Bundles - getClasspathEntries(Bundle=org.eclipse.m2e.maven.runtime_3.8.604.20221130-2149 [345])
2023-02-02 13:18:49,353 [Worker-30: Launching EmployeeService] INFO  o.eclipse.m2e.core.internal.Bundles - 	Entry: C:\Users\yoges\Downloads\sts-4.17.1.RELEASE\plugins\org.eclipse.m2e.maven.runtime_3.8.604.20221130-2149
2023-02-02 13:18:49,354 [Worker-30: Launching EmployeeService] INFO  o.eclipse.m2e.core.internal.Bundles - 	Entry: C:\Users\yoges\Downloads\sts-4.17.1.RELEASE\plugins\org.eclipse.m2e.maven.runtime_3.8.604.20221130-2149\jars\aether-connector-okhttp-0.17.8.jar
2023-02-02 13:18:49,355 [Worker-30: Launching EmployeeService] INFO  o.eclipse.m2e.core.internal.Bundles - 	Entry: C:\Users\yoges\Downloads\sts-4.17.1.RELEASE\plugins\org.eclipse.m2e.maven.runtime_3.8.604.20221130-2149\jars\commons-cli-1.4.jar
2023-02-02 13:18:49,356 [Worker-30: Launching EmployeeService] INFO  o.eclipse.m2e.core.internal.Bundles - 	Entry: C:\Users\yoges\Downloads\sts-4.17.1.RELEASE\plugins\org.eclipse.m2e.maven.runtime_3.8.604.20221130-2149\jars\commons-io-2.6.jar
2023-02-02 13:18:49,357 [Worker-30: Launching EmployeeService] INFO  o.eclipse.m2e.core.internal.Bundles - 	Entry: C:\Users\yoges\Downloads\sts-4.17.1.RELEASE\plugins\org.eclipse.m2e.maven.runtime_3.8.604.20221130-2149\jars\commons-lang3-3.8.1.jar
2023-02-02 13:18:49,359 [Worker-30: Launching EmployeeService] INFO  o.eclipse.m2e.core.internal.Bundles - 	Entry: C:\Users\yoges\Downloads\sts-4.17.1.RELEASE\plugins\org.eclipse.m2e.maven.runtime_3.8.604.20221130-2149\jars\guice-4.2.2-no_aop.jar
2023-02-02 13:18:49,360 [Worker-30: Launching EmployeeService] INFO  o.eclipse.m2e.core.internal.Bundles - 	Entry: C:\Users\yoges\Downloads\sts-4.17.1.RELEASE\plugins\org.eclipse.m2e.maven.runtime_3.8.604.20221130-2149\jars\jansi-2.4.0.jar
2023-02-02 13:18:49,363 [Worker-30: Launching EmployeeService] INFO  o.eclipse.m2e.core.internal.Bundles - 	Entry: C:\Users\yoges\Downloads\sts-4.17.1.RELEASE\plugins\org.eclipse.m2e.maven.runtime_3.8.604.20221130-2149\jars\maven-artifact-3.8.6.jar
2023-02-02 13:18:49,363 [Worker-30: Launching EmployeeService] INFO  o.eclipse.m2e.core.internal.Bundles - 	Entry: C:\Users\yoges\Downloads\sts-4.17.1.RELEASE\plugins\org.eclipse.m2e.maven.runtime_3.8.604.20221130-2149\jars\maven-builder-support-3.8.6.jar
2023-02-02 13:18:49,364 [Worker-30: Launching EmployeeService] INFO  o.eclipse.m2e.core.internal.Bundles - 	Entry: C:\Users\yoges\Downloads\sts-4.17.1.RELEASE\plugins\org.eclipse.m2e.maven.runtime_3.8.604.20221130-2149\jars\maven-compat-3.8.6.jar
2023-02-02 13:18:49,365 [Worker-30: Launching EmployeeService] INFO  o.eclipse.m2e.core.internal.Bundles - 	Entry: C:\Users\yoges\Downloads\sts-4.17.1.RELEASE\plugins\org.eclipse.m2e.maven.runtime_3.8.604.20221130-2149\jars\maven-core-3.8.6.jar
2023-02-02 13:18:49,367 [Worker-30: Launching EmployeeService] INFO  o.eclipse.m2e.core.internal.Bundles - 	Entry: C:\Users\yoges\Downloads\sts-4.17.1.RELEASE\plugins\org.eclipse.m2e.maven.runtime_3.8.604.20221130-2149\jars\maven-embedder-3.8.6.jar
2023-02-02 13:18:49,368 [Worker-30: Launching EmployeeService] INFO  o.eclipse.m2e.core.internal.Bundles - 	Entry: C:\Users\yoges\Downloads\sts-4.17.1.RELEASE\plugins\org.eclipse.m2e.maven.runtime_3.8.604.20221130-2149\jars\maven-model-3.8.6.jar
2023-02-02 13:18:49,369 [Worker-30: Launching EmployeeService] INFO  o.eclipse.m2e.core.internal.Bundles - 	Entry: C:\Users\yoges\Downloads\sts-4.17.1.RELEASE\plugins\org.eclipse.m2e.maven.runtime_3.8.604.20221130-2149\jars\maven-model-builder-3.8.6.jar
2023-02-02 13:18:49,370 [Worker-30: Launching EmployeeService] INFO  o.eclipse.m2e.core.internal.Bundles - 	Entry: C:\Users\yoges\Downloads\sts-4.17.1.RELEASE\plugins\org.eclipse.m2e.maven.runtime_3.8.604.20221130-2149\jars\maven-plugin-api-3.8.6.jar
2023-02-02 13:18:49,372 [Worker-30: Launching EmployeeService] INFO  o.eclipse.m2e.core.internal.Bundles - 	Entry: C:\Users\yoges\Downloads\sts-4.17.1.RELEASE\plugins\org.eclipse.m2e.maven.runtime_3.8.604.20221130-2149\jars\maven-repository-metadata-3.8.6.jar
2023-02-02 13:18:49,373 [Worker-30: Launching EmployeeService] INFO  o.eclipse.m2e.core.internal.Bundles - 	Entry: C:\Users\yoges\Downloads\sts-4.17.1.RELEASE\plugins\org.eclipse.m2e.maven.runtime_3.8.604.20221130-2149\jars\maven-resolver-api-1.6.3.jar
2023-02-02 13:18:49,373 [Worker-30: Launching EmployeeService] INFO  o.eclipse.m2e.core.internal.Bundles - 	Entry: C:\Users\yoges\Downloads\sts-4.17.1.RELEASE\plugins\org.eclipse.m2e.maven.runtime_3.8.604.20221130-2149\jars\maven-resolver-connector-basic-1.6.3.jar
2023-02-02 13:18:49,374 [Worker-30: Launching EmployeeService] INFO  o.eclipse.m2e.core.internal.Bundles - 	Entry: C:\Users\yoges\Downloads\sts-4.17.1.RELEASE\plugins\org.eclipse.m2e.maven.runtime_3.8.604.20221130-2149\jars\maven-resolver-impl-1.6.3.jar
2023-02-02 13:18:49,375 [Worker-30: Launching EmployeeService] INFO  o.eclipse.m2e.core.internal.Bundles - 	Entry: C:\Users\yoges\Downloads\sts-4.17.1.RELEASE\plugins\org.eclipse.m2e.maven.runtime_3.8.604.20221130-2149\jars\maven-resolver-provider-3.8.6.jar
2023-02-02 13:18:49,376 [Worker-30: Launching EmployeeService] INFO  o.eclipse.m2e.core.internal.Bundles - 	Entry: C:\Users\yoges\Downloads\sts-4.17.1.RELEASE\plugins\org.eclipse.m2e.maven.runtime_3.8.604.20221130-2149\jars\maven-resolver-spi-1.6.3.jar
2023-02-02 13:18:49,377 [Worker-30: Launching EmployeeService] INFO  o.eclipse.m2e.core.internal.Bundles - 	Entry: C:\Users\yoges\Downloads\sts-4.17.1.RELEASE\plugins\org.eclipse.m2e.maven.runtime_3.8.604.20221130-2149\jars\maven-resolver-transport-wagon-1.6.3.jar
2023-02-02 13:18:49,377 [Worker-30: Launching EmployeeService] INFO  o.eclipse.m2e.core.internal.Bundles - 	Entry: C:\Users\yoges\Downloads\sts-4.17.1.RELEASE\plugins\org.eclipse.m2e.maven.runtime_3.8.604.20221130-2149\jars\maven-resolver-util-1.6.3.jar
2023-02-02 13:18:49,379 [Worker-30: Launching EmployeeService] INFO  o.eclipse.m2e.core.internal.Bundles - 	Entry: C:\Users\yoges\Downloads\sts-4.17.1.RELEASE\plugins\org.eclipse.m2e.maven.runtime_3.8.604.20221130-2149\jars\maven-settings-3.8.6.jar
2023-02-02 13:18:49,381 [Worker-30: Launching EmployeeService] INFO  o.eclipse.m2e.core.internal.Bundles - 	Entry: C:\Users\yoges\Downloads\sts-4.17.1.RELEASE\plugins\org.eclipse.m2e.maven.runtime_3.8.604.20221130-2149\jars\maven-settings-builder-3.8.6.jar
2023-02-02 13:18:49,382 [Worker-30: Launching EmployeeService] INFO  o.eclipse.m2e.core.internal.Bundles - 	Entry: C:\Users\yoges\Downloads\sts-4.17.1.RELEASE\plugins\org.eclipse.m2e.maven.runtime_3.8.604.20221130-2149\jars\maven-shared-utils-3.3.4.jar
2023-02-02 13:18:49,384 [Worker-30: Launching EmployeeService] INFO  o.eclipse.m2e.core.internal.Bundles - 	Entry: C:\Users\yoges\Downloads\sts-4.17.1.RELEASE\plugins\org.eclipse.m2e.maven.runtime_3.8.604.20221130-2149\jars\okhttp-3.14.1.jar
2023-02-02 13:18:49,385 [Worker-30: Launching EmployeeService] INFO  o.eclipse.m2e.core.internal.Bundles - 	Entry: C:\Users\yoges\Downloads\sts-4.17.1.RELEASE\plugins\org.eclipse.m2e.maven.runtime_3.8.604.20221130-2149\jars\okio-1.17.3.jar
2023-02-02 13:18:49,386 [Worker-30: Launching EmployeeService] INFO  o.eclipse.m2e.core.internal.Bundles - 	Entry: C:\Users\yoges\Downloads\sts-4.17.1.RELEASE\plugins\org.eclipse.m2e.maven.runtime_3.8.604.20221130-2149\jars\org.eclipse.sisu.inject-0.3.5.jar
2023-02-02 13:18:49,387 [Worker-30: Launching EmployeeService] INFO  o.eclipse.m2e.core.internal.Bundles - 	Entry: C:\Users\yoges\Downloads\sts-4.17.1.RELEASE\plugins\org.eclipse.m2e.maven.runtime_3.8.604.20221130-2149\jars\org.eclipse.sisu.plexus-0.3.5.jar
2023-02-02 13:18:49,388 [Worker-30: Launching EmployeeService] INFO  o.eclipse.m2e.core.internal.Bundles - 	Entry: C:\Users\yoges\Downloads\sts-4.17.1.RELEASE\plugins\org.eclipse.m2e.maven.runtime_3.8.604.20221130-2149\jars\plexus-build-api-0.0.7.jar
2023-02-02 13:18:49,389 [Worker-30: Launching EmployeeService] INFO  o.eclipse.m2e.core.internal.Bundles - 	Entry: C:\Users\yoges\Downloads\sts-4.17.1.RELEASE\plugins\org.eclipse.m2e.maven.runtime_3.8.604.20221130-2149\jars\plexus-cipher-2.0.jar
2023-02-02 13:18:49,391 [Worker-30: Launching EmployeeService] INFO  o.eclipse.m2e.core.internal.Bundles - 	Entry: C:\Users\yoges\Downloads\sts-4.17.1.RELEASE\plugins\org.eclipse.m2e.maven.runtime_3.8.604.20221130-2149\jars\plexus-classworlds-2.6.0.jar
2023-02-02 13:18:49,392 [Worker-30: Launching EmployeeService] INFO  o.eclipse.m2e.core.internal.Bundles - 	Entry: C:\Users\yoges\Downloads\sts-4.17.1.RELEASE\plugins\org.eclipse.m2e.maven.runtime_3.8.604.20221130-2149\jars\plexus-component-annotations-2.1.0.jar
2023-02-02 13:18:49,393 [Worker-30: Launching EmployeeService] INFO  o.eclipse.m2e.core.internal.Bundles - 	Entry: C:\Users\yoges\Downloads\sts-4.17.1.RELEASE\plugins\org.eclipse.m2e.maven.runtime_3.8.604.20221130-2149\jars\plexus-interpolation-1.26.jar
2023-02-02 13:18:49,394 [Worker-30: Launching EmployeeService] INFO  o.eclipse.m2e.core.internal.Bundles - 	Entry: C:\Users\yoges\Downloads\sts-4.17.1.RELEASE\plugins\org.eclipse.m2e.maven.runtime_3.8.604.20221130-2149\jars\plexus-sec-dispatcher-2.0.jar
2023-02-02 13:18:49,395 [Worker-30: Launching EmployeeService] INFO  o.eclipse.m2e.core.internal.Bundles - 	Entry: C:\Users\yoges\Downloads\sts-4.17.1.RELEASE\plugins\org.eclipse.m2e.maven.runtime_3.8.604.20221130-2149\jars\plexus-utils-3.3.1.jar
2023-02-02 13:18:49,397 [Worker-30: Launching EmployeeService] INFO  o.eclipse.m2e.core.internal.Bundles - 	Entry: C:\Users\yoges\Downloads\sts-4.17.1.RELEASE\plugins\org.eclipse.m2e.maven.runtime_3.8.604.20221130-2149\jars\wagon-file-3.5.1.jar
2023-02-02 13:18:49,398 [Worker-30: Launching EmployeeService] INFO  o.eclipse.m2e.core.internal.Bundles - 	Entry: C:\Users\yoges\Downloads\sts-4.17.1.RELEASE\plugins\org.eclipse.m2e.maven.runtime_3.8.604.20221130-2149\jars\wagon-provider-api-3.5.1.jar
2023-02-02 13:18:49,402 [Worker-30: Launching EmployeeService] INFO  o.eclipse.m2e.core.internal.Bundles - getClasspathEntries(Bundle=com.google.guava_30.1.0.v20221112-0806 [22])
2023-02-02 13:18:49,407 [Worker-30: Launching EmployeeService] INFO  o.eclipse.m2e.core.internal.Bundles - 	Entry: C:\Users\yoges\Downloads\sts-4.17.1.RELEASE\plugins\com.google.guava_30.1.0.v20221112-0806.jar
2023-02-02 13:18:49,407 [Worker-30: Launching EmployeeService] INFO  o.eclipse.m2e.core.internal.Bundles - getClasspathEntries(Bundle=slf4j.api_1.7.36 [584])
2023-02-02 13:18:49,411 [Worker-30: Launching EmployeeService] INFO  o.eclipse.m2e.core.internal.Bundles - 	Entry: C:\Users\yoges\Downloads\sts-4.17.1.RELEASE\plugins\slf4j.api_1.7.36.jar
2023-02-02 13:18:49,411 [Worker-30: Launching EmployeeService] INFO  o.eclipse.m2e.core.internal.Bundles - getClasspathEntries(Bundle=javax.inject_1.0.0.v20220405-0441 [49])
2023-02-02 13:18:49,415 [Worker-30: Launching EmployeeService] INFO  o.eclipse.m2e.core.internal.Bundles - 	Entry: C:\Users\yoges\Downloads\sts-4.17.1.RELEASE\plugins\javax.inject_1.0.0.v20220405-0441.jar
2023-02-02 13:18:49,415 [Worker-30: Launching EmployeeService] INFO  o.eclipse.m2e.core.internal.Bundles - getClasspathEntries(Bundle=javax.annotation_1.3.5.v20221112-0806 [47])
2023-02-02 13:18:49,418 [Worker-30: Launching EmployeeService] INFO  o.eclipse.m2e.core.internal.Bundles - 	Entry: C:\Users\yoges\Downloads\sts-4.17.1.RELEASE\plugins\javax.annotation_1.3.5.v20221112-0806.jar
2023-02-02 13:18:49,429 [Worker-30: Launching EmployeeService] INFO  o.e.m.i.launch.MavenLaunchDelegate - Run build in "C:\Users\yoges\Desktop\Kunal Java\Assignment\cloudConfigEmployee\EmployeeService":
2023-02-02 13:18:49,443 [Worker-30: Launching EmployeeService] INFO  o.e.m.i.launch.MavenLaunchDelegate -  mvn  -Ppom.xml -B -Dmaven.test.skip=true -DskipTests -Dstyle.color=always clean install
2023-02-02 13:25:19,286 [Worker-33: Building] INFO  o.e.m.c.i.l.LifecycleMappingFactory - Using org.eclipse.m2e.jdt.JarLifecycleMapping lifecycle mapping for MavenProject: com.assign:employeeService:0.0.1-SNAPSHOT @ C:\Users\yoges\Desktop\Kunal Java\Assignment\cloudConfigEmployee\EmployeeService\pom.xml.
2023-02-02 13:25:22,906 [Worker-33: Building] INFO  o.a.m.s.f.DefaultMavenResourcesFiltering - Copying 0 resource
2023-02-02 13:25:22,908 [Worker-33: Building] INFO  o.a.m.s.f.DefaultMavenResourcesFiltering - Copying 0 resource
2023-02-02 13:25:22,944 [Worker-33: Building] INFO  o.a.m.s.f.DefaultMavenResourcesFiltering - skip non existing resourceDirectory C:\Users\yoges\Desktop\Kunal Java\Assignment\cloudConfigEmployee\EmployeeService\src\test\resources
2023-02-02 13:25:27,503 [Worker-35: Building] INFO  o.a.m.s.f.DefaultMavenResourcesFiltering - Copying 1 resource
2023-02-02 13:25:27,581 [Worker-35: Building] INFO  o.a.m.s.f.DefaultMavenResourcesFiltering - Copying 0 resource
2023-02-02 13:25:27,603 [Worker-35: Building] INFO  o.a.m.s.f.DefaultMavenResourcesFiltering - skip non existing resourceDirectory C:\Users\yoges\Desktop\Kunal Java\Assignment\cloudConfigEmployee\EmployeeService\src\test\resources
2023-02-02 13:25:49,696 [Worker-30: Building] INFO  o.a.m.s.f.DefaultMavenResourcesFiltering - Copying 1 resource
2023-02-02 13:25:49,830 [Worker-30: Building] INFO  o.a.m.s.f.DefaultMavenResourcesFiltering - Copying 0 resource
2023-02-02 13:25:49,838 [Worker-30: Building] INFO  o.a.m.s.f.DefaultMavenResourcesFiltering - skip non existing resourceDirectory C:\Users\yoges\Desktop\Kunal Java\Assignment\cloudConfigEmployee\EmployeeService\src\test\resources
2023-02-02 13:31:06,620 [Worker-33: Building] INFO  o.a.m.s.f.DefaultMavenResourcesFiltering - Copying 1 resource
2023-02-02 13:31:06,758 [Worker-33: Building] INFO  o.a.m.s.f.DefaultMavenResourcesFiltering - Copying 0 resource
2023-02-02 13:31:06,770 [Worker-33: Building] INFO  o.a.m.s.f.DefaultMavenResourcesFiltering - skip non existing resourceDirectory C:\Users\yoges\Desktop\Kunal Java\Assignment\cloudConfigEmployee\EmployeeService\src\test\resources
2023-02-02 13:32:56,926 [Worker-37: Building] INFO  o.a.m.s.f.DefaultMavenResourcesFiltering - Copying 1 resource
2023-02-02 13:32:57,102 [Worker-37: Building] INFO  o.a.m.s.f.DefaultMavenResourcesFiltering - Copying 0 resource
2023-02-02 13:32:57,115 [Worker-37: Building] INFO  o.a.m.s.f.DefaultMavenResourcesFiltering - skip non existing resourceDirectory C:\Users\yoges\Desktop\Kunal Java\Assignment\cloudConfigEmployee\EmployeeService\src\test\resources
2023-02-02 13:33:04,094 [main] INFO  o.e.m2e.actions.ExecutePomAction - Creating new launch configuration
2023-02-02 13:33:13,729 [Worker-37: Launching EmployeeService (1)] INFO  o.e.m.i.launch.MavenLaunchDelegate - Run build in "C:\Users\yoges\Desktop\Kunal Java\Assignment\cloudConfigEmployee\EmployeeService":
2023-02-02 13:33:13,732 [Worker-37: Launching EmployeeService (1)] INFO  o.e.m.i.launch.MavenLaunchDelegate -  mvn  -Ppom.xml -B -Dmaven.test.skip=true -DskipTests -Dstyle.color=always clean install
