2023-02-02 12:36:46,084 [Worker-7: Loading available Gradle versions] INFO  o.e.b.c.i.u.g.PublishedGradleVersions - Gradle version information cache is up-to-date. Trying to read.
2023-02-02 12:42:37,707 [Worker-4: Import Getting Started Content] INFO  o.e.m.c.i.l.LifecycleMappingFactory - Using org.eclipse.m2e.jdt.JarLifecycleMapping lifecycle mapping for MavenProject: com.assign:accountService:0.0.1-SNAPSHOT @ C:\Users\yoges\Desktop\Kunal Java\Assignment\cloudConfigAccount\AccountService\pom.xml.
2023-02-02 12:42:40,463 [Worker-4: Import Getting Started Content] INFO  o.e.m.c.i.e.AbstractTransferListenerAdapter - Downloaded https://artifactory-oss.prod.netflix.net/artifactory/maven-oss-candidates/org/springframework/boot/spring-boot-starter-security/3.0.2/spring-boot-starter-security-3.0.2.pom
2023-02-02 12:42:41,702 [Worker-4: Import Getting Started Content] INFO  o.e.m.c.i.e.AbstractTransferListenerAdapter - Downloading https://repo.maven.apache.org/maven2/org/springframework/boot/spring-boot-starter-security/3.0.2/spring-boot-starter-security-3.0.2.pom
2023-02-02 12:42:42,085 [Worker-4: Import Getting Started Content] INFO  o.e.m.c.i.e.AbstractTransferListenerAdapter - Downloaded https://repo.maven.apache.org/maven2/org/springframework/boot/spring-boot-starter-security/3.0.2/spring-boot-starter-security-3.0.2.pom
2023-02-02 12:42:42,479 [Worker-4: Import Getting Started Content] INFO  o.e.m.c.i.e.AbstractTransferListenerAdapter - Downloaded https://artifactory-oss.prod.netflix.net/artifactory/maven-oss-candidates/org/springframework/security/spring-security-config/6.0.1/spring-security-config-6.0.1.pom
2023-02-02 12:42:42,691 [Worker-4: Import Getting Started Content] INFO  o.e.m.c.i.e.AbstractTransferListenerAdapter - Downloading https://repo.maven.apache.org/maven2/org/springframework/security/spring-security-config/6.0.1/spring-security-config-6.0.1.pom
2023-02-02 12:42:42,924 [Worker-4: Import Getting Started Content] INFO  o.e.m.c.i.e.AbstractTransferListenerAdapter - Downloaded https://repo.maven.apache.org/maven2/org/springframework/security/spring-security-config/6.0.1/spring-security-config-6.0.1.pom
2023-02-02 12:42:43,295 [Worker-4: Import Getting Started Content] INFO  o.e.m.c.i.e.AbstractTransferListenerAdapter - Downloaded https://artifactory-oss.prod.netflix.net/artifactory/maven-oss-candidates/org/springframework/security/spring-security-core/6.0.1/spring-security-core-6.0.1.pom
2023-02-02 12:42:43,501 [Worker-4: Import Getting Started Content] INFO  o.e.m.c.i.e.AbstractTransferListenerAdapter - Downloading https://repo.maven.apache.org/maven2/org/springframework/security/spring-security-core/6.0.1/spring-security-core-6.0.1.pom
2023-02-02 12:42:43,749 [Worker-4: Import Getting Started Content] INFO  o.e.m.c.i.e.AbstractTransferListenerAdapter - Downloaded https://repo.maven.apache.org/maven2/org/springframework/security/spring-security-core/6.0.1/spring-security-core-6.0.1.pom
2023-02-02 12:42:44,118 [Worker-4: Import Getting Started Content] INFO  o.e.m.c.i.e.AbstractTransferListenerAdapter - Downloaded https://artifactory-oss.prod.netflix.net/artifactory/maven-oss-candidates/org/springframework/security/spring-security-web/6.0.1/spring-security-web-6.0.1.pom
2023-02-02 12:42:44,331 [Worker-4: Import Getting Started Content] INFO  o.e.m.c.i.e.AbstractTransferListenerAdapter - Downloading https://repo.maven.apache.org/maven2/org/springframework/security/spring-security-web/6.0.1/spring-security-web-6.0.1.pom
2023-02-02 12:42:44,593 [Worker-4: Import Getting Started Content] INFO  o.e.m.c.i.e.AbstractTransferListenerAdapter - Downloaded https://repo.maven.apache.org/maven2/org/springframework/security/spring-security-web/6.0.1/spring-security-web-6.0.1.pom
2023-02-02 12:42:47,509 [Worker-4: Import Getting Started Content] INFO  o.e.m.c.i.e.AbstractTransferListenerAdapter - Downloaded https://artifactory-oss.prod.netflix.net/artifactory/maven-oss-candidates/org/springframework/security/spring-security-test/6.0.1/spring-security-test-6.0.1.pom
2023-02-02 12:42:47,713 [Worker-4: Import Getting Started Content] INFO  o.e.m.c.i.e.AbstractTransferListenerAdapter - Downloading https://repo.maven.apache.org/maven2/org/springframework/security/spring-security-test/6.0.1/spring-security-test-6.0.1.pom
2023-02-02 12:42:47,953 [Worker-4: Import Getting Started Content] INFO  o.e.m.c.i.e.AbstractTransferListenerAdapter - Downloaded https://repo.maven.apache.org/maven2/org/springframework/security/spring-security-test/6.0.1/spring-security-test-6.0.1.pom
2023-02-02 12:42:48,436 [AetherRepositoryConnector-artifactory-oss.prod.netflix.net-0-4] INFO  o.e.m.c.i.e.AbstractTransferListenerAdapter - Downloaded https://artifactory-oss.prod.netflix.net/artifactory/maven-oss-candidates/org/springframework/security/spring-security-core/6.0.1/spring-security-core-6.0.1.jar
2023-02-02 12:42:49,439 [AetherRepositoryConnector-artifactory-oss.prod.netflix.net-0-1] INFO  o.e.m.c.i.e.AbstractTransferListenerAdapter - Downloaded https://artifactory-oss.prod.netflix.net/artifactory/maven-oss-candidates/org/springframework/security/spring-security-config/6.0.1/spring-security-config-6.0.1.jar
2023-02-02 12:42:49,447 [AetherRepositoryConnector-artifactory-oss.prod.netflix.net-0-0] INFO  o.e.m.c.i.e.AbstractTransferListenerAdapter - Downloaded https://artifactory-oss.prod.netflix.net/artifactory/maven-oss-candidates/org/springframework/boot/spring-boot-starter-security/3.0.2/spring-boot-starter-security-3.0.2.jar
2023-02-02 12:42:49,735 [AetherRepositoryConnector-artifactory-oss.prod.netflix.net-0-3] INFO  o.e.m.c.i.e.AbstractTransferListenerAdapter - Downloaded https://artifactory-oss.prod.netflix.net/artifactory/maven-oss-candidates/org/springframework/security/spring-security-test/6.0.1/spring-security-test-6.0.1.jar
2023-02-02 12:42:49,747 [AetherRepositoryConnector-artifactory-oss.prod.netflix.net-0-2] INFO  o.e.m.c.i.e.AbstractTransferListenerAdapter - Downloaded https://artifactory-oss.prod.netflix.net/artifactory/maven-oss-candidates/org/springframework/security/spring-security-web/6.0.1/spring-security-web-6.0.1.jar
2023-02-02 12:42:49,991 [AetherRepositoryConnector-repo.maven.apache.org-1-0] INFO  o.e.m.c.i.e.AbstractTransferListenerAdapter - Downloading https://repo.maven.apache.org/maven2/org/springframework/boot/spring-boot-starter-security/3.0.2/spring-boot-starter-security-3.0.2.jar
2023-02-02 12:42:50,175 [AetherRepositoryConnector-repo.maven.apache.org-1-3] INFO  o.e.m.c.i.e.AbstractTransferListenerAdapter - Downloading https://repo.maven.apache.org/maven2/org/springframework/security/spring-security-test/6.0.1/spring-security-test-6.0.1.jar
2023-02-02 12:42:50,357 [AetherRepositoryConnector-repo.maven.apache.org-1-4] INFO  o.e.m.c.i.e.AbstractTransferListenerAdapter - Downloading https://repo.maven.apache.org/maven2/org/springframework/security/spring-security-core/6.0.1/spring-security-core-6.0.1.jar
2023-02-02 12:42:50,357 [AetherRepositoryConnector-repo.maven.apache.org-1-2] INFO  o.e.m.c.i.e.AbstractTransferListenerAdapter - Downloading https://repo.maven.apache.org/maven2/org/springframework/security/spring-security-web/6.0.1/spring-security-web-6.0.1.jar
2023-02-02 12:42:50,358 [AetherRepositoryConnector-repo.maven.apache.org-1-1] INFO  o.e.m.c.i.e.AbstractTransferListenerAdapter - Downloading https://repo.maven.apache.org/maven2/org/springframework/security/spring-security-config/6.0.1/spring-security-config-6.0.1.jar
2023-02-02 12:42:50,436 [AetherRepositoryConnector-repo.maven.apache.org-1-0] INFO  o.e.m.c.i.e.AbstractTransferListenerAdapter - Downloaded https://repo.maven.apache.org/maven2/org/springframework/boot/spring-boot-starter-security/3.0.2/spring-boot-starter-security-3.0.2.jar
2023-02-02 12:42:51,458 [AetherRepositoryConnector-repo.maven.apache.org-1-3] INFO  o.e.m.c.i.e.AbstractTransferListenerAdapter - Downloaded https://repo.maven.apache.org/maven2/org/springframework/security/spring-security-test/6.0.1/spring-security-test-6.0.1.jar
2023-02-02 12:42:52,265 [AetherRepositoryConnector-repo.maven.apache.org-1-2] INFO  o.e.m.c.i.e.AbstractTransferListenerAdapter - Downloaded https://repo.maven.apache.org/maven2/org/springframework/security/spring-security-web/6.0.1/spring-security-web-6.0.1.jar
2023-02-02 12:42:52,271 [AetherRepositoryConnector-repo.maven.apache.org-1-4] INFO  o.e.m.c.i.e.AbstractTransferListenerAdapter - Downloaded https://repo.maven.apache.org/maven2/org/springframework/security/spring-security-core/6.0.1/spring-security-core-6.0.1.jar
2023-02-02 12:42:52,477 [AetherRepositoryConnector-repo.maven.apache.org-1-1] INFO  o.e.m.c.i.e.AbstractTransferListenerAdapter - Downloaded https://repo.maven.apache.org/maven2/org/springframework/security/spring-security-config/6.0.1/spring-security-config-6.0.1.jar
2023-02-02 12:42:54,239 [Worker-4: Import Getting Started Content] INFO  o.e.m.j.i.AbstractJavaProjectConfigurator - Adding source folder /AccountService/src/main/java
2023-02-02 12:42:54,241 [Worker-4: Import Getting Started Content] INFO  o.e.m.j.i.AbstractJavaProjectConfigurator - Adding resource folder /AccountService/src/main/resources
2023-02-02 12:42:54,258 [Worker-4: Import Getting Started Content] INFO  o.e.m.j.i.AbstractJavaProjectConfigurator - Adding resource folder /AccountService/src/main/resources
2023-02-02 12:42:54,276 [Worker-4: Import Getting Started Content] INFO  o.e.m.j.i.AbstractJavaProjectConfigurator - Adding source folder /AccountService/src/test/java
2023-02-02 12:42:56,281 [Worker-13: Download sources and javadoc] INFO  o.e.m.c.i.e.AbstractTransferListenerAdapter - Downloaded https://artifactory-oss.prod.netflix.net/artifactory/maven-oss-candidates/org/springframework/boot/spring-boot-starter-security/3.0.2/spring-boot-starter-security-3.0.2-sources.jar
2023-02-02 12:42:57,042 [Worker-13: Download sources and javadoc] INFO  o.e.m.c.i.e.AbstractTransferListenerAdapter - Downloading https://repo.maven.apache.org/maven2/org/springframework/boot/spring-boot-starter-security/3.0.2/spring-boot-starter-security-3.0.2-sources.jar
2023-02-02 12:42:57,437 [Worker-13: Download sources and javadoc] INFO  o.e.m.c.i.e.AbstractTransferListenerAdapter - Downloaded https://repo.maven.apache.org/maven2/org/springframework/boot/spring-boot-starter-security/3.0.2/spring-boot-starter-security-3.0.2-sources.jar
2023-02-02 12:42:57,447 [Worker-13: Download sources and javadoc] INFO  o.e.m.j.internal.DownloadSourcesJob - Downloaded sources for org.springframework.boot:spring-boot-starter-security:3.0.2
2023-02-02 12:42:58,839 [Worker-13: Download sources and javadoc] INFO  o.e.m.c.i.e.AbstractTransferListenerAdapter - Downloaded https://artifactory-oss.prod.netflix.net/artifactory/maven-oss-candidates/org/springframework/security/spring-security-config/6.0.1/spring-security-config-6.0.1-sources.jar
2023-02-02 12:42:59,626 [Worker-13: Download sources and javadoc] INFO  o.e.m.c.i.e.AbstractTransferListenerAdapter - Downloading https://repo.maven.apache.org/maven2/org/springframework/security/spring-security-config/6.0.1/spring-security-config-6.0.1-sources.jar
2023-02-02 12:43:00,599 [Worker-4: Import Getting Started Content] INFO  o.e.m.c.i.p.ProjectConfigurationManager - Imported and configured 1 project(s) in 26 sec
2023-02-02 12:43:00,612 [Worker-4: Import Getting Started Content] INFO  o.e.m.c.i.p.ProjectConfigurationManager - Update started
2023-02-02 12:43:01,064 [Worker-13: Download sources and javadoc] INFO  o.e.m.c.i.e.AbstractTransferListenerAdapter - Downloaded https://repo.maven.apache.org/maven2/org/springframework/security/spring-security-config/6.0.1/spring-security-config-6.0.1-sources.jar
2023-02-02 12:43:01,070 [Worker-13: Download sources and javadoc] INFO  o.e.m.j.internal.DownloadSourcesJob - Downloaded sources for org.springframework.security:spring-security-config:6.0.1
2023-02-02 12:43:02,455 [Worker-4: Import Getting Started Content] INFO  o.e.m.c.i.l.LifecycleMappingFactory - Using org.eclipse.m2e.jdt.JarLifecycleMapping lifecycle mapping for MavenProject: com.assign:accountService:0.0.1-SNAPSHOT @ C:\Users\yoges\Desktop\Kunal Java\Assignment\cloudConfigAccount\AccountService\pom.xml.
2023-02-02 12:43:03,713 [Worker-13: Download sources and javadoc] INFO  o.e.m.c.i.e.AbstractTransferListenerAdapter - Downloaded https://artifactory-oss.prod.netflix.net/artifactory/maven-oss-candidates/org/springframework/security/spring-security-web/6.0.1/spring-security-web-6.0.1-sources.jar
2023-02-02 12:43:04,435 [Worker-4: Import Getting Started Content] INFO  o.e.m.j.i.AbstractJavaProjectConfigurator - Adding source folder /AccountService/src/main/java
2023-02-02 12:43:04,436 [Worker-4: Import Getting Started Content] INFO  o.e.m.j.i.AbstractJavaProjectConfigurator - Adding resource folder /AccountService/src/main/resources
2023-02-02 12:43:04,439 [Worker-4: Import Getting Started Content] INFO  o.e.m.j.i.AbstractJavaProjectConfigurator - Adding resource folder /AccountService/src/main/resources
2023-02-02 12:43:04,440 [Worker-4: Import Getting Started Content] INFO  o.e.m.j.i.AbstractJavaProjectConfigurator - Adding source folder /AccountService/src/test/java
2023-02-02 12:43:04,526 [Worker-13: Download sources and javadoc] INFO  o.e.m.c.i.e.AbstractTransferListenerAdapter - Downloading https://repo.maven.apache.org/maven2/org/springframework/security/spring-security-web/6.0.1/spring-security-web-6.0.1-sources.jar
2023-02-02 12:43:05,608 [Worker-13: Download sources and javadoc] INFO  o.e.m.c.i.e.AbstractTransferListenerAdapter - Downloaded https://repo.maven.apache.org/maven2/org/springframework/security/spring-security-web/6.0.1/spring-security-web-6.0.1-sources.jar
2023-02-02 12:43:05,621 [Worker-13: Download sources and javadoc] INFO  o.e.m.j.internal.DownloadSourcesJob - Downloaded sources for org.springframework.security:spring-security-web:6.0.1
2023-02-02 12:43:06,917 [Worker-4: Import Getting Started Content] INFO  o.e.m.c.i.p.ProjectConfigurationManager - Update completed for 1 poms: local refresh takes 0.00 sec, refresh facades takes 3.00 sec, update config takes 1.00 sec 
2023-02-02 12:43:07,066 [Worker-13: Download sources and javadoc] INFO  o.e.m.c.i.e.AbstractTransferListenerAdapter - Downloaded https://artifactory-oss.prod.netflix.net/artifactory/maven-oss-candidates/org/springframework/cloud/spring-cloud-starter-config/4.0.1/spring-cloud-starter-config-4.0.1-sources.jar
2023-02-02 12:43:07,178 [Worker-13: Download sources and javadoc] ERROR o.e.m.j.internal.DownloadSourcesJob - Could not download sources for org.springframework.cloud:spring-cloud-starter-config:4.0.1
org.eclipse.core.runtime.CoreException: Could not resolve artifact org.springframework.cloud:spring-cloud-starter-config:jar:sources:4.0.1
	at org.eclipse.m2e.core.internal.embedder.MavenImpl.lambda$6(MavenImpl.java:587)
	at org.eclipse.m2e.core.internal.embedder.MavenExecutionContext.executeBare(MavenExecutionContext.java:364)
	at org.eclipse.m2e.core.internal.embedder.MavenExecutionContext.execute(MavenExecutionContext.java:227)
	at org.eclipse.m2e.core.internal.embedder.MavenExecutionContext.execute(MavenExecutionContext.java:213)
	at org.eclipse.m2e.core.internal.embedder.MavenImpl.resolve(MavenImpl.java:556)
	at org.eclipse.m2e.core.internal.embedder.MavenImpl.resolve(MavenImpl.java:541)
	at org.eclipse.m2e.jdt.internal.DownloadSourcesJob.download(DownloadSourcesJob.java:308)
	at org.eclipse.m2e.jdt.internal.DownloadSourcesJob.downloadAttachments(DownloadSourcesJob.java:282)
	at org.eclipse.m2e.jdt.internal.DownloadSourcesJob.downloadMaven(DownloadSourcesJob.java:252)
	at org.eclipse.m2e.jdt.internal.DownloadSourcesJob.downloadFilesAndPopulateToUpdate(DownloadSourcesJob.java:220)
	at org.eclipse.m2e.jdt.internal.DownloadSourcesJob.lambda$0(DownloadSourcesJob.java:149)
	at org.eclipse.m2e.core.internal.embedder.MavenExecutionContext.executeBare(MavenExecutionContext.java:364)
	at org.eclipse.m2e.core.internal.embedder.MavenExecutionContext.execute(MavenExecutionContext.java:274)
	at org.eclipse.m2e.core.internal.embedder.MavenExecutionContext.execute(MavenExecutionContext.java:213)
	at org.eclipse.m2e.core.embedder.IMaven.execute(IMaven.java:294)
	at org.eclipse.m2e.jdt.internal.DownloadSourcesJob.run(DownloadSourcesJob.java:149)
	at org.eclipse.core.internal.jobs.Worker.run(Worker.java:63)
2023-02-02 12:43:09,124 [Worker-13: Download sources and javadoc] INFO  o.e.m.c.i.e.AbstractTransferListenerAdapter - Downloaded https://artifactory-oss.prod.netflix.net/artifactory/maven-oss-candidates/org/springframework/security/spring-security-test/6.0.1/spring-security-test-6.0.1-sources.jar
2023-02-02 12:43:09,969 [Worker-13: Download sources and javadoc] INFO  o.e.m.c.i.e.AbstractTransferListenerAdapter - Downloading https://repo.maven.apache.org/maven2/org/springframework/security/spring-security-test/6.0.1/spring-security-test-6.0.1-sources.jar
2023-02-02 12:43:10,509 [Worker-13: Download sources and javadoc] INFO  o.e.m.c.i.e.AbstractTransferListenerAdapter - Downloaded https://repo.maven.apache.org/maven2/org/springframework/security/spring-security-test/6.0.1/spring-security-test-6.0.1-sources.jar
2023-02-02 12:43:10,525 [Worker-13: Download sources and javadoc] INFO  o.e.m.j.internal.DownloadSourcesJob - Downloaded sources for org.springframework.security:spring-security-test:6.0.1
2023-02-02 12:43:12,309 [Worker-13: Download sources and javadoc] INFO  o.e.m.c.i.e.AbstractTransferListenerAdapter - Downloaded https://artifactory-oss.prod.netflix.net/artifactory/maven-oss-candidates/org/springframework/security/spring-security-core/6.0.1/spring-security-core-6.0.1-sources.jar
2023-02-02 12:43:13,339 [Worker-13: Download sources and javadoc] INFO  o.e.m.c.i.e.AbstractTransferListenerAdapter - Downloading https://repo.maven.apache.org/maven2/org/springframework/security/spring-security-core/6.0.1/spring-security-core-6.0.1-sources.jar
2023-02-02 12:43:14,842 [Worker-13: Download sources and javadoc] INFO  o.e.m.c.i.e.AbstractTransferListenerAdapter - Downloaded https://repo.maven.apache.org/maven2/org/springframework/security/spring-security-core/6.0.1/spring-security-core-6.0.1-sources.jar
2023-02-02 12:43:14,857 [Worker-13: Download sources and javadoc] INFO  o.e.m.j.internal.DownloadSourcesJob - Downloaded sources for org.springframework.security:spring-security-core:6.0.1
2023-02-02 13:14:43,790 [main] INFO  o.e.m2e.actions.ExecutePomAction - Creating new launch configuration
2023-02-02 13:14:52,381 [Worker-30: Launching AccountService] INFO  o.eclipse.m2e.core.internal.Bundles - getClasspathEntries(Bundle=org.eclipse.m2e.maven.runtime_3.8.604.20221130-2149 [345])
2023-02-02 13:14:52,393 [Worker-30: Launching AccountService] INFO  o.eclipse.m2e.core.internal.Bundles - 	Entry: C:\Users\yoges\Downloads\sts-4.17.1.RELEASE\plugins\org.eclipse.m2e.maven.runtime_3.8.604.20221130-2149
2023-02-02 13:14:52,395 [Worker-30: Launching AccountService] INFO  o.eclipse.m2e.core.internal.Bundles - 	Entry: C:\Users\yoges\Downloads\sts-4.17.1.RELEASE\plugins\org.eclipse.m2e.maven.runtime_3.8.604.20221130-2149\jars\aether-connector-okhttp-0.17.8.jar
2023-02-02 13:14:52,397 [Worker-30: Launching AccountService] INFO  o.eclipse.m2e.core.internal.Bundles - 	Entry: C:\Users\yoges\Downloads\sts-4.17.1.RELEASE\plugins\org.eclipse.m2e.maven.runtime_3.8.604.20221130-2149\jars\commons-cli-1.4.jar
2023-02-02 13:14:52,398 [Worker-30: Launching AccountService] INFO  o.eclipse.m2e.core.internal.Bundles - 	Entry: C:\Users\yoges\Downloads\sts-4.17.1.RELEASE\plugins\org.eclipse.m2e.maven.runtime_3.8.604.20221130-2149\jars\commons-io-2.6.jar
2023-02-02 13:14:52,399 [Worker-30: Launching AccountService] INFO  o.eclipse.m2e.core.internal.Bundles - 	Entry: C:\Users\yoges\Downloads\sts-4.17.1.RELEASE\plugins\org.eclipse.m2e.maven.runtime_3.8.604.20221130-2149\jars\commons-lang3-3.8.1.jar
2023-02-02 13:14:52,401 [Worker-30: Launching AccountService] INFO  o.eclipse.m2e.core.internal.Bundles - 	Entry: C:\Users\yoges\Downloads\sts-4.17.1.RELEASE\plugins\org.eclipse.m2e.maven.runtime_3.8.604.20221130-2149\jars\guice-4.2.2-no_aop.jar
2023-02-02 13:14:52,401 [Worker-30: Launching AccountService] INFO  o.eclipse.m2e.core.internal.Bundles - 	Entry: C:\Users\yoges\Downloads\sts-4.17.1.RELEASE\plugins\org.eclipse.m2e.maven.runtime_3.8.604.20221130-2149\jars\jansi-2.4.0.jar
2023-02-02 13:14:52,402 [Worker-30: Launching AccountService] INFO  o.eclipse.m2e.core.internal.Bundles - 	Entry: C:\Users\yoges\Downloads\sts-4.17.1.RELEASE\plugins\org.eclipse.m2e.maven.runtime_3.8.604.20221130-2149\jars\maven-artifact-3.8.6.jar
2023-02-02 13:14:52,403 [Worker-30: Launching AccountService] INFO  o.eclipse.m2e.core.internal.Bundles - 	Entry: C:\Users\yoges\Downloads\sts-4.17.1.RELEASE\plugins\org.eclipse.m2e.maven.runtime_3.8.604.20221130-2149\jars\maven-builder-support-3.8.6.jar
2023-02-02 13:14:52,403 [Worker-30: Launching AccountService] INFO  o.eclipse.m2e.core.internal.Bundles - 	Entry: C:\Users\yoges\Downloads\sts-4.17.1.RELEASE\plugins\org.eclipse.m2e.maven.runtime_3.8.604.20221130-2149\jars\maven-compat-3.8.6.jar
2023-02-02 13:14:52,404 [Worker-30: Launching AccountService] INFO  o.eclipse.m2e.core.internal.Bundles - 	Entry: C:\Users\yoges\Downloads\sts-4.17.1.RELEASE\plugins\org.eclipse.m2e.maven.runtime_3.8.604.20221130-2149\jars\maven-core-3.8.6.jar
2023-02-02 13:14:52,405 [Worker-30: Launching AccountService] INFO  o.eclipse.m2e.core.internal.Bundles - 	Entry: C:\Users\yoges\Downloads\sts-4.17.1.RELEASE\plugins\org.eclipse.m2e.maven.runtime_3.8.604.20221130-2149\jars\maven-embedder-3.8.6.jar
2023-02-02 13:14:52,407 [Worker-30: Launching AccountService] INFO  o.eclipse.m2e.core.internal.Bundles - 	Entry: C:\Users\yoges\Downloads\sts-4.17.1.RELEASE\plugins\org.eclipse.m2e.maven.runtime_3.8.604.20221130-2149\jars\maven-model-3.8.6.jar
2023-02-02 13:14:52,408 [Worker-30: Launching AccountService] INFO  o.eclipse.m2e.core.internal.Bundles - 	Entry: C:\Users\yoges\Downloads\sts-4.17.1.RELEASE\plugins\org.eclipse.m2e.maven.runtime_3.8.604.20221130-2149\jars\maven-model-builder-3.8.6.jar
2023-02-02 13:14:52,409 [Worker-30: Launching AccountService] INFO  o.eclipse.m2e.core.internal.Bundles - 	Entry: C:\Users\yoges\Downloads\sts-4.17.1.RELEASE\plugins\org.eclipse.m2e.maven.runtime_3.8.604.20221130-2149\jars\maven-plugin-api-3.8.6.jar
2023-02-02 13:14:52,410 [Worker-30: Launching AccountService] INFO  o.eclipse.m2e.core.internal.Bundles - 	Entry: C:\Users\yoges\Downloads\sts-4.17.1.RELEASE\plugins\org.eclipse.m2e.maven.runtime_3.8.604.20221130-2149\jars\maven-repository-metadata-3.8.6.jar
2023-02-02 13:14:52,411 [Worker-30: Launching AccountService] INFO  o.eclipse.m2e.core.internal.Bundles - 	Entry: C:\Users\yoges\Downloads\sts-4.17.1.RELEASE\plugins\org.eclipse.m2e.maven.runtime_3.8.604.20221130-2149\jars\maven-resolver-api-1.6.3.jar
2023-02-02 13:14:52,411 [Worker-30: Launching AccountService] INFO  o.eclipse.m2e.core.internal.Bundles - 	Entry: C:\Users\yoges\Downloads\sts-4.17.1.RELEASE\plugins\org.eclipse.m2e.maven.runtime_3.8.604.20221130-2149\jars\maven-resolver-connector-basic-1.6.3.jar
2023-02-02 13:14:52,412 [Worker-30: Launching AccountService] INFO  o.eclipse.m2e.core.internal.Bundles - 	Entry: C:\Users\yoges\Downloads\sts-4.17.1.RELEASE\plugins\org.eclipse.m2e.maven.runtime_3.8.604.20221130-2149\jars\maven-resolver-impl-1.6.3.jar
2023-02-02 13:14:52,413 [Worker-30: Launching AccountService] INFO  o.eclipse.m2e.core.internal.Bundles - 	Entry: C:\Users\yoges\Downloads\sts-4.17.1.RELEASE\plugins\org.eclipse.m2e.maven.runtime_3.8.604.20221130-2149\jars\maven-resolver-provider-3.8.6.jar
2023-02-02 13:14:52,413 [Worker-30: Launching AccountService] INFO  o.eclipse.m2e.core.internal.Bundles - 	Entry: C:\Users\yoges\Downloads\sts-4.17.1.RELEASE\plugins\org.eclipse.m2e.maven.runtime_3.8.604.20221130-2149\jars\maven-resolver-spi-1.6.3.jar
2023-02-02 13:14:52,413 [Worker-30: Launching AccountService] INFO  o.eclipse.m2e.core.internal.Bundles - 	Entry: C:\Users\yoges\Downloads\sts-4.17.1.RELEASE\plugins\org.eclipse.m2e.maven.runtime_3.8.604.20221130-2149\jars\maven-resolver-transport-wagon-1.6.3.jar
2023-02-02 13:14:52,413 [Worker-30: Launching AccountService] INFO  o.eclipse.m2e.core.internal.Bundles - 	Entry: C:\Users\yoges\Downloads\sts-4.17.1.RELEASE\plugins\org.eclipse.m2e.maven.runtime_3.8.604.20221130-2149\jars\maven-resolver-util-1.6.3.jar
2023-02-02 13:14:52,414 [Worker-30: Launching AccountService] INFO  o.eclipse.m2e.core.internal.Bundles - 	Entry: C:\Users\yoges\Downloads\sts-4.17.1.RELEASE\plugins\org.eclipse.m2e.maven.runtime_3.8.604.20221130-2149\jars\maven-settings-3.8.6.jar
2023-02-02 13:14:52,414 [Worker-30: Launching AccountService] INFO  o.eclipse.m2e.core.internal.Bundles - 	Entry: C:\Users\yoges\Downloads\sts-4.17.1.RELEASE\plugins\org.eclipse.m2e.maven.runtime_3.8.604.20221130-2149\jars\maven-settings-builder-3.8.6.jar
2023-02-02 13:14:52,415 [Worker-30: Launching AccountService] INFO  o.eclipse.m2e.core.internal.Bundles - 	Entry: C:\Users\yoges\Downloads\sts-4.17.1.RELEASE\plugins\org.eclipse.m2e.maven.runtime_3.8.604.20221130-2149\jars\maven-shared-utils-3.3.4.jar
2023-02-02 13:14:52,415 [Worker-30: Launching AccountService] INFO  o.eclipse.m2e.core.internal.Bundles - 	Entry: C:\Users\yoges\Downloads\sts-4.17.1.RELEASE\plugins\org.eclipse.m2e.maven.runtime_3.8.604.20221130-2149\jars\okhttp-3.14.1.jar
2023-02-02 13:14:52,416 [Worker-30: Launching AccountService] INFO  o.eclipse.m2e.core.internal.Bundles - 	Entry: C:\Users\yoges\Downloads\sts-4.17.1.RELEASE\plugins\org.eclipse.m2e.maven.runtime_3.8.604.20221130-2149\jars\okio-1.17.3.jar
2023-02-02 13:14:52,419 [Worker-30: Launching AccountService] INFO  o.eclipse.m2e.core.internal.Bundles - 	Entry: C:\Users\yoges\Downloads\sts-4.17.1.RELEASE\plugins\org.eclipse.m2e.maven.runtime_3.8.604.20221130-2149\jars\org.eclipse.sisu.inject-0.3.5.jar
2023-02-02 13:14:52,420 [Worker-30: Launching AccountService] INFO  o.eclipse.m2e.core.internal.Bundles - 	Entry: C:\Users\yoges\Downloads\sts-4.17.1.RELEASE\plugins\org.eclipse.m2e.maven.runtime_3.8.604.20221130-2149\jars\org.eclipse.sisu.plexus-0.3.5.jar
2023-02-02 13:14:52,421 [Worker-30: Launching AccountService] INFO  o.eclipse.m2e.core.internal.Bundles - 	Entry: C:\Users\yoges\Downloads\sts-4.17.1.RELEASE\plugins\org.eclipse.m2e.maven.runtime_3.8.604.20221130-2149\jars\plexus-build-api-0.0.7.jar
2023-02-02 13:14:52,422 [Worker-30: Launching AccountService] INFO  o.eclipse.m2e.core.internal.Bundles - 	Entry: C:\Users\yoges\Downloads\sts-4.17.1.RELEASE\plugins\org.eclipse.m2e.maven.runtime_3.8.604.20221130-2149\jars\plexus-cipher-2.0.jar
2023-02-02 13:14:52,423 [Worker-30: Launching AccountService] INFO  o.eclipse.m2e.core.internal.Bundles - 	Entry: C:\Users\yoges\Downloads\sts-4.17.1.RELEASE\plugins\org.eclipse.m2e.maven.runtime_3.8.604.20221130-2149\jars\plexus-classworlds-2.6.0.jar
2023-02-02 13:14:52,424 [Worker-30: Launching AccountService] INFO  o.eclipse.m2e.core.internal.Bundles - 	Entry: C:\Users\yoges\Downloads\sts-4.17.1.RELEASE\plugins\org.eclipse.m2e.maven.runtime_3.8.604.20221130-2149\jars\plexus-component-annotations-2.1.0.jar
2023-02-02 13:14:52,425 [Worker-30: Launching AccountService] INFO  o.eclipse.m2e.core.internal.Bundles - 	Entry: C:\Users\yoges\Downloads\sts-4.17.1.RELEASE\plugins\org.eclipse.m2e.maven.runtime_3.8.604.20221130-2149\jars\plexus-interpolation-1.26.jar
2023-02-02 13:14:52,426 [Worker-30: Launching AccountService] INFO  o.eclipse.m2e.core.internal.Bundles - 	Entry: C:\Users\yoges\Downloads\sts-4.17.1.RELEASE\plugins\org.eclipse.m2e.maven.runtime_3.8.604.20221130-2149\jars\plexus-sec-dispatcher-2.0.jar
2023-02-02 13:14:52,426 [Worker-30: Launching AccountService] INFO  o.eclipse.m2e.core.internal.Bundles - 	Entry: C:\Users\yoges\Downloads\sts-4.17.1.RELEASE\plugins\org.eclipse.m2e.maven.runtime_3.8.604.20221130-2149\jars\plexus-utils-3.3.1.jar
2023-02-02 13:14:52,427 [Worker-30: Launching AccountService] INFO  o.eclipse.m2e.core.internal.Bundles - 	Entry: C:\Users\yoges\Downloads\sts-4.17.1.RELEASE\plugins\org.eclipse.m2e.maven.runtime_3.8.604.20221130-2149\jars\wagon-file-3.5.1.jar
2023-02-02 13:14:52,427 [Worker-30: Launching AccountService] INFO  o.eclipse.m2e.core.internal.Bundles - 	Entry: C:\Users\yoges\Downloads\sts-4.17.1.RELEASE\plugins\org.eclipse.m2e.maven.runtime_3.8.604.20221130-2149\jars\wagon-provider-api-3.5.1.jar
2023-02-02 13:14:52,429 [Worker-30: Launching AccountService] INFO  o.eclipse.m2e.core.internal.Bundles - getClasspathEntries(Bundle=com.google.guava_30.1.0.v20221112-0806 [22])
2023-02-02 13:14:52,434 [Worker-30: Launching AccountService] INFO  o.eclipse.m2e.core.internal.Bundles - 	Entry: C:\Users\yoges\Downloads\sts-4.17.1.RELEASE\plugins\com.google.guava_30.1.0.v20221112-0806.jar
2023-02-02 13:14:52,434 [Worker-30: Launching AccountService] INFO  o.eclipse.m2e.core.internal.Bundles - getClasspathEntries(Bundle=slf4j.api_1.7.36 [584])
2023-02-02 13:14:52,437 [Worker-30: Launching AccountService] INFO  o.eclipse.m2e.core.internal.Bundles - 	Entry: C:\Users\yoges\Downloads\sts-4.17.1.RELEASE\plugins\slf4j.api_1.7.36.jar
2023-02-02 13:14:52,438 [Worker-30: Launching AccountService] INFO  o.eclipse.m2e.core.internal.Bundles - getClasspathEntries(Bundle=javax.inject_1.0.0.v20220405-0441 [49])
2023-02-02 13:14:52,442 [Worker-30: Launching AccountService] INFO  o.eclipse.m2e.core.internal.Bundles - 	Entry: C:\Users\yoges\Downloads\sts-4.17.1.RELEASE\plugins\javax.inject_1.0.0.v20220405-0441.jar
2023-02-02 13:14:52,442 [Worker-30: Launching AccountService] INFO  o.eclipse.m2e.core.internal.Bundles - getClasspathEntries(Bundle=javax.annotation_1.3.5.v20221112-0806 [47])
2023-02-02 13:14:52,445 [Worker-30: Launching AccountService] INFO  o.eclipse.m2e.core.internal.Bundles - 	Entry: C:\Users\yoges\Downloads\sts-4.17.1.RELEASE\plugins\javax.annotation_1.3.5.v20221112-0806.jar
2023-02-02 13:14:52,455 [Worker-30: Launching AccountService] INFO  o.e.m.i.launch.MavenLaunchDelegate - Run build in "C:\Users\yoges\Desktop\Kunal Java\Assignment\cloudConfigAccount\AccountService":
2023-02-02 13:14:52,465 [Worker-30: Launching AccountService] INFO  o.e.m.i.launch.MavenLaunchDelegate -  mvn  -Ppom.xml -B -Dmaven.test.skip=true -DskipTests -Dstyle.color=always clean install
2023-02-02 13:19:04,001 [main] INFO  o.e.m2e.actions.ExecutePomAction - Creating new launch configuration
2023-02-02 13:19:13,751 [Worker-35: Launching AccountService (1)] INFO  o.e.m.i.launch.MavenLaunchDelegate - Run build in "C:\Users\yoges\Desktop\Kunal Java\Assignment\cloudConfigAccount\AccountService":
2023-02-02 13:19:13,752 [Worker-35: Launching AccountService (1)] INFO  o.e.m.i.launch.MavenLaunchDelegate -  mvn  -Ppom.xml -B -Dmaven.test.skip=true -DskipTests -Dstyle.color=always clean install
2023-02-02 13:20:43,091 [Worker-37: Building] INFO  o.e.m.c.i.l.LifecycleMappingFactory - Using org.eclipse.m2e.jdt.JarLifecycleMapping lifecycle mapping for MavenProject: com.assign:accountService:0.0.1-SNAPSHOT @ C:\Users\yoges\Desktop\Kunal Java\Assignment\cloudConfigAccount\AccountService\pom.xml.
2023-02-02 13:20:46,537 [Worker-37: Building] INFO  o.a.m.s.f.DefaultMavenResourcesFiltering - Copying 0 resource
2023-02-02 13:20:46,537 [Worker-37: Building] INFO  o.a.m.s.f.DefaultMavenResourcesFiltering - Copying 0 resource
2023-02-02 13:20:46,548 [Worker-37: Building] INFO  o.a.m.s.f.DefaultMavenResourcesFiltering - skip non existing resourceDirectory C:\Users\yoges\Desktop\Kunal Java\Assignment\cloudConfigAccount\AccountService\src\test\resources
2023-02-02 13:20:48,855 [Worker-35: Building] INFO  o.a.m.s.f.DefaultMavenResourcesFiltering - Copying 1 resource
2023-02-02 13:20:48,892 [Worker-35: Building] INFO  o.a.m.s.f.DefaultMavenResourcesFiltering - Copying 0 resource
2023-02-02 13:20:48,902 [Worker-35: Building] INFO  o.a.m.s.f.DefaultMavenResourcesFiltering - skip non existing resourceDirectory C:\Users\yoges\Desktop\Kunal Java\Assignment\cloudConfigAccount\AccountService\src\test\resources
2023-02-02 13:21:00,989 [main] INFO  o.e.m2e.actions.ExecutePomAction - Creating new launch configuration
2023-02-02 13:21:09,719 [Worker-32: Launching AccountService (2)] INFO  o.e.m.i.launch.MavenLaunchDelegate - Run build in "C:\Users\yoges\Desktop\Kunal Java\Assignment\cloudConfigAccount\AccountService":
2023-02-02 13:21:09,720 [Worker-32: Launching AccountService (2)] INFO  o.e.m.i.launch.MavenLaunchDelegate -  mvn  -Ppom.xml -B -Dmaven.test.skip=true -DskipTests -Dstyle.color=always clean install
2023-02-02 13:22:37,275 [Worker-37: Building] INFO  o.e.m.c.i.l.LifecycleMappingFactory - Using org.eclipse.m2e.jdt.JarLifecycleMapping lifecycle mapping for MavenProject: com.assign:accountService:0.0.1-SNAPSHOT @ C:\Users\yoges\Desktop\Kunal Java\Assignment\cloudConfigAccount\AccountService\pom.xml.
2023-02-02 13:22:39,903 [Worker-37: Building] INFO  o.a.m.s.f.DefaultMavenResourcesFiltering - Copying 0 resource
2023-02-02 13:22:39,904 [Worker-37: Building] INFO  o.a.m.s.f.DefaultMavenResourcesFiltering - Copying 0 resource
2023-02-02 13:22:39,918 [Worker-37: Building] INFO  o.a.m.s.f.DefaultMavenResourcesFiltering - skip non existing resourceDirectory C:\Users\yoges\Desktop\Kunal Java\Assignment\cloudConfigAccount\AccountService\src\test\resources
2023-02-02 13:22:41,613 [Worker-32: Building] INFO  o.a.m.s.f.DefaultMavenResourcesFiltering - Copying 1 resource
2023-02-02 13:22:41,654 [Worker-32: Building] INFO  o.a.m.s.f.DefaultMavenResourcesFiltering - Copying 0 resource
2023-02-02 13:22:41,661 [Worker-32: Building] INFO  o.a.m.s.f.DefaultMavenResourcesFiltering - skip non existing resourceDirectory C:\Users\yoges\Desktop\Kunal Java\Assignment\cloudConfigAccount\AccountService\src\test\resources
2023-02-02 13:22:46,078 [main] INFO  o.e.m2e.actions.ExecutePomAction - Creating new launch configuration
2023-02-02 13:22:54,001 [Worker-33: Launching AccountService (3)] INFO  o.e.m.i.launch.MavenLaunchDelegate - Run build in "C:\Users\yoges\Desktop\Kunal Java\Assignment\cloudConfigAccount\AccountService":
2023-02-02 13:22:54,002 [Worker-33: Launching AccountService (3)] INFO  o.e.m.i.launch.MavenLaunchDelegate -  mvn  -Ppom.xml -B -Dmaven.test.skip=true -DskipTests -Dstyle.color=always clean install
2023-02-02 13:27:11,373 [Worker-34: Building] INFO  o.a.m.s.f.DefaultMavenResourcesFiltering - Copying 0 resource
2023-02-02 13:27:11,413 [Worker-34: Building] INFO  o.a.m.s.f.DefaultMavenResourcesFiltering - Copying 0 resource
2023-02-02 13:27:11,421 [Worker-34: Building] INFO  o.a.m.s.f.DefaultMavenResourcesFiltering - skip non existing resourceDirectory C:\Users\yoges\Desktop\Kunal Java\Assignment\cloudConfigAccount\AccountService\src\test\resources
2023-02-02 13:27:27,437 [Worker-39: Building] INFO  o.a.m.s.f.DefaultMavenResourcesFiltering - Copying 1 resource
2023-02-02 13:27:27,506 [Worker-39: Building] INFO  o.a.m.s.f.DefaultMavenResourcesFiltering - Copying 0 resource
2023-02-02 13:27:27,517 [Worker-39: Building] INFO  o.a.m.s.f.DefaultMavenResourcesFiltering - skip non existing resourceDirectory C:\Users\yoges\Desktop\Kunal Java\Assignment\cloudConfigAccount\AccountService\src\test\resources
2023-02-02 13:28:32,710 [Worker-43: Building] INFO  o.a.m.s.f.DefaultMavenResourcesFiltering - Copying 1 resource
2023-02-02 13:28:32,734 [Worker-43: Building] INFO  o.a.m.s.f.DefaultMavenResourcesFiltering - Copying 0 resource
2023-02-02 13:28:32,743 [Worker-43: Building] INFO  o.a.m.s.f.DefaultMavenResourcesFiltering - skip non existing resourceDirectory C:\Users\yoges\Desktop\Kunal Java\Assignment\cloudConfigAccount\AccountService\src\test\resources
2023-02-02 13:28:43,422 [Worker-42: Building] INFO  o.a.m.s.f.DefaultMavenResourcesFiltering - Copying 1 resource
2023-02-02 13:28:43,445 [Worker-42: Building] INFO  o.a.m.s.f.DefaultMavenResourcesFiltering - Copying 0 resource
2023-02-02 13:28:43,454 [Worker-42: Building] INFO  o.a.m.s.f.DefaultMavenResourcesFiltering - skip non existing resourceDirectory C:\Users\yoges\Desktop\Kunal Java\Assignment\cloudConfigAccount\AccountService\src\test\resources
2023-02-02 13:28:55,214 [Worker-34: Building] INFO  o.a.m.s.f.DefaultMavenResourcesFiltering - Copying 1 resource
2023-02-02 13:28:55,269 [Worker-34: Building] INFO  o.a.m.s.f.DefaultMavenResourcesFiltering - Copying 0 resource
2023-02-02 13:28:55,275 [Worker-34: Building] INFO  o.a.m.s.f.DefaultMavenResourcesFiltering - skip non existing resourceDirectory C:\Users\yoges\Desktop\Kunal Java\Assignment\cloudConfigAccount\AccountService\src\test\resources
2023-02-02 13:28:58,571 [Worker-39: Building] INFO  o.a.m.s.f.DefaultMavenResourcesFiltering - Copying 1 resource
2023-02-02 13:28:58,631 [Worker-39: Building] INFO  o.a.m.s.f.DefaultMavenResourcesFiltering - Copying 0 resource
2023-02-02 13:28:58,645 [Worker-39: Building] INFO  o.a.m.s.f.DefaultMavenResourcesFiltering - skip non existing resourceDirectory C:\Users\yoges\Desktop\Kunal Java\Assignment\cloudConfigAccount\AccountService\src\test\resources
2023-02-02 13:30:42,226 [Worker-40: Building] INFO  o.a.m.s.f.DefaultMavenResourcesFiltering - Copying 1 resource
2023-02-02 13:30:42,343 [Worker-40: Building] INFO  o.a.m.s.f.DefaultMavenResourcesFiltering - Copying 0 resource
2023-02-02 13:30:42,351 [Worker-40: Building] INFO  o.a.m.s.f.DefaultMavenResourcesFiltering - skip non existing resourceDirectory C:\Users\yoges\Desktop\Kunal Java\Assignment\cloudConfigAccount\AccountService\src\test\resources
2023-02-02 13:33:26,819 [main] INFO  o.e.m2e.actions.ExecutePomAction - Creating new launch configuration
2023-02-02 13:33:35,266 [Worker-40: Launching AccountService (4)] INFO  o.e.m.i.launch.MavenLaunchDelegate - Run build in "C:\Users\yoges\Desktop\Kunal Java\Assignment\cloudConfigAccount\AccountService":
2023-02-02 13:33:35,274 [Worker-40: Launching AccountService (4)] INFO  o.e.m.i.launch.MavenLaunchDelegate -  mvn  -Ppom.xml -B -Dmaven.test.skip=true -DskipTests -Dstyle.color=always clean install
2023-02-02 13:49:51,016 [main] INFO  o.e.m2e.actions.ExecutePomAction - Creating new launch configuration
2023-02-02 13:50:00,676 [Worker-54: Building] INFO  o.a.m.s.f.DefaultMavenResourcesFiltering - Copying 0 resource
2023-02-02 13:50:00,677 [Worker-54: Building] INFO  o.a.m.s.f.DefaultMavenResourcesFiltering - Copying 0 resource
2023-02-02 13:50:00,685 [Worker-54: Building] INFO  o.a.m.s.f.DefaultMavenResourcesFiltering - skip non existing resourceDirectory C:\Users\yoges\Desktop\Kunal Java\Assignment\cloudConfigAccount\AccountService\src\test\resources
2023-02-02 13:50:09,955 [main] INFO  o.e.m2e.actions.ExecutePomAction - Creating new launch configuration
2023-02-02 13:50:17,987 [Worker-54: Launching AccountService (6)] INFO  o.e.m.i.launch.MavenLaunchDelegate - Run build in "C:\Users\yoges\Desktop\Kunal Java\Assignment\cloudConfigAccount\AccountService":
2023-02-02 13:50:17,988 [Worker-54: Launching AccountService (6)] INFO  o.e.m.i.launch.MavenLaunchDelegate -  mvn  -Ppom.xml -B -Dmaven.test.skip=true -DskipTests -Dstyle.color=always clean install
2023-02-02 13:52:56,044 [Worker-55: Building] INFO  o.e.m.c.i.l.LifecycleMappingFactory - Using org.eclipse.m2e.jdt.JarLifecycleMapping lifecycle mapping for MavenProject: com.assign:accountService:0.0.1-SNAPSHOT @ C:\Users\yoges\Desktop\Kunal Java\Assignment\cloudConfigAccount\AccountService\pom.xml.
2023-02-02 13:52:58,167 [Worker-55: Building] INFO  o.a.m.s.f.DefaultMavenResourcesFiltering - Copying 0 resource
2023-02-02 13:52:58,168 [Worker-55: Building] INFO  o.a.m.s.f.DefaultMavenResourcesFiltering - Copying 0 resource
2023-02-02 13:52:58,181 [Worker-55: Building] INFO  o.a.m.s.f.DefaultMavenResourcesFiltering - skip non existing resourceDirectory C:\Users\yoges\Desktop\Kunal Java\Assignment\cloudConfigAccount\AccountService\src\test\resources
2023-02-02 13:53:00,562 [Worker-58: Building] INFO  o.a.m.s.f.DefaultMavenResourcesFiltering - Copying 1 resource
2023-02-02 13:53:00,634 [Worker-58: Building] INFO  o.a.m.s.f.DefaultMavenResourcesFiltering - Copying 0 resource
2023-02-02 13:53:00,640 [Worker-58: Building] INFO  o.a.m.s.f.DefaultMavenResourcesFiltering - skip non existing resourceDirectory C:\Users\yoges\Desktop\Kunal Java\Assignment\cloudConfigAccount\AccountService\src\test\resources
2023-02-02 13:53:07,302 [Worker-54: Building] INFO  o.e.m.c.i.l.LifecycleMappingFactory - Using org.eclipse.m2e.jdt.JarLifecycleMapping lifecycle mapping for MavenProject: com.assign:accountService:0.0.1-SNAPSHOT @ C:\Users\yoges\Desktop\Kunal Java\Assignment\cloudConfigAccount\AccountService\pom.xml.
2023-02-02 13:53:08,624 [Worker-54: Building] INFO  o.a.m.s.f.DefaultMavenResourcesFiltering - Copying 0 resource
2023-02-02 13:53:08,625 [Worker-54: Building] INFO  o.a.m.s.f.DefaultMavenResourcesFiltering - Copying 0 resource
2023-02-02 13:53:08,632 [Worker-54: Building] INFO  o.a.m.s.f.DefaultMavenResourcesFiltering - skip non existing resourceDirectory C:\Users\yoges\Desktop\Kunal Java\Assignment\cloudConfigAccount\AccountService\src\test\resources
2023-02-02 13:53:09,876 [Worker-47: Building] INFO  o.a.m.s.f.DefaultMavenResourcesFiltering - Copying 1 resource
2023-02-02 13:53:09,901 [Worker-47: Building] INFO  o.a.m.s.f.DefaultMavenResourcesFiltering - Copying 0 resource
2023-02-02 13:53:09,906 [Worker-47: Building] INFO  o.a.m.s.f.DefaultMavenResourcesFiltering - skip non existing resourceDirectory C:\Users\yoges\Desktop\Kunal Java\Assignment\cloudConfigAccount\AccountService\src\test\resources
2023-02-02 13:53:34,122 [main] INFO  o.e.m2e.actions.ExecutePomAction - Creating new launch configuration
2023-02-02 13:53:42,540 [Worker-47: Launching AccountService (7)] INFO  o.e.m.i.launch.MavenLaunchDelegate - Run build in "C:\Users\yoges\Desktop\Kunal Java\Assignment\cloudConfigAccount\AccountService":
2023-02-02 13:53:42,541 [Worker-47: Launching AccountService (7)] INFO  o.e.m.i.launch.MavenLaunchDelegate -  mvn  -Ppom.xml -B -Dmaven.test.skip=true -DskipTests -Dstyle.color=always clean install
